Arguments: 
  /usr/bin/node /usr/bin/yarn install

PATH: 
  /tmp/tel-0wu9x99t/unsup_bin:/usr/libexec:/home/semtexzv/.cargo/bin:/opt/google-cloud-sdk/bin:/usr/local/sbin:/usr/local/bin:/usr/bin:/opt/cuda/bin:/usr/lib/jvm/default/bin:/usr/bin/site_perl:/usr/bin/vendor_perl:/usr/bin/core_perl:/usr/sbin:/sbin

Yarn version: 
  1.13.0

Node version: 
  11.10.1

Platform: 
  linux x64

Trace: 
  SyntaxError: /home/semtexzv/dp/code/web/app/package.json: Unexpected token , in JSON at position 73
      at JSON.parse (<anonymous>)
      at /usr/lib/node_modules/yarn/lib/cli.js:1625:59
      at Generator.next (<anonymous>)
      at step (/usr/lib/node_modules/yarn/lib/cli.js:304:30)
      at /usr/lib/node_modules/yarn/lib/cli.js:315:13

npm manifest: 
  {
    "name": "trader-app",
    "main": "src/index.html",
    "dependencies": {,
      "@webcomponents/webcomponentsjs": "^2.2.7",
      "ace-builds": "^1.4.3",
      "bootstrap": "^4.3.1",
      "jquery": "^3.3.1",
      "lit-element": "^2.0.1",
      "lit-element-router": "^1.2.3",
      "lit-html": "^1.0.0",
      "tslib": "^1.9.3",
      "typescript": "^3.3.3333"
    },
    "scripts": {
      "build": "parcel src/index.html src/app.ts build --public-url='/static'",
      "start": "parcel src/index.html src/app.ts --public-url='/static'",
      "dev": "parcel watch src/index.html src/app.ts --public-url='/static'"
    },
    "browserslist": [
      "last 4 chrome versions"
    ],
    "devDependencies": {
      "@babel/core": "^7.3.4",
      "babel-preset-es2015": "^6.24.1",
      "parcel-bundler": "1.11.0",
      "sass": "^1.17.2"
    }
  }

yarn manifest: 
  No manifest

Lockfile: 
  No lockfile
